<?xml version="1.0" encoding="UTF-8"?>
<!-- Generated by org.testng.reporters.JUnitXMLReporter -->
<testsuite ignored="0" hostname="DRUMNADROCHIT" failures="0" tests="6" name="Test-IT-CHROME" time="17.745" errors="0" timestamp="2021-02-23T15:42:09 CET">
  <testcase classname="login.TestCredentials" name="testCorrectUsername" time="0.835"/>
  <testcase classname="login.TestCredentials" name="testEmptyPassword" time="0.375"/>
  <testcase classname="login.TestCredentials" name="testEmptyUsername" time="0.24"/>
  <testcase classname="login.TestCredentials" name="testUsernameWithMissingDomain" time="0.571"/>
  <testcase classname="login.TestCredentials" name="testUsernameWithout_At" time="0.619"/>
  <testcase classname="login.TestCredentials" name="testWrongLogin" time="5.756"/>
</testsuite> <!-- Test-IT-CHROME -->
