<!DOCTYPE suite SYSTEM "https://testng.org/testng-1.0.dtd" >
<suite name="Test-IT-CHROME Suite" parallel="classes">
	<parameter name="lang" value="it" />
	<parameter name="country" value="IT" />
	<parameter name="browser" value="Chrome" />
	<test name="Test-Login IT">
		<classes>
			<class name="com.sysdig.tests.login.TestCredentials" />
			<class name="com.sysdig.tests.login.TestRetrievePassword" />
			<class name="com.sysdig.tests.login.TestRegions" />
			<class name="com.sysdig.tests.login.TestLinks" />
		</classes>
	</test>
</suite>
