<?xml version="1.0" encoding="UTF-8"?>
<!-- Generated by org.testng.reporters.JUnitReportReporter -->
<testsuite hostname="DRUMNADROCHIT" failures="0" tests="5" name="login.TestLoginChrome_EN" time="2.282" errors="0" timestamp="2021-02-22T22:16:11 CET" skipped="0">
  <testcase classname="login.TestLoginChrome_EN" name="testEmptyPassword" time="0.399"/>
  <system-out>
Message: Please fill out this field.  </system-out>
  <testcase classname="login.TestLoginChrome_EN" name="testEmptyUsername" time="0.321"/>
  <system-out>
Message: Please fill out this field.  </system-out>
  <testcase classname="login.TestLoginChrome_EN" name="testCorrectUsername" time="0.637"/>
  <system-out>
Message:   </system-out>
  <testcase classname="login.TestLoginChrome_EN" name="testUsernameWithMissingDomain" time="0.424"/>
  <system-out>
Message: Please enter a part following '@'. 'mickey.mouse@' is incomplete.  </system-out>
  <testcase classname="login.TestLoginChrome_EN" name="testUsernameWithout_At" time="0.501"/>
  <system-out>
Message: Please include an '@' in the email address. 'mickey.mouse' is missing an '@'.  </system-out>
</testsuite> <!-- login.TestLoginChrome_EN -->
