<?xml version="1.0" encoding="UTF-8"?>
<!-- Generated by org.testng.reporters.JUnitReportReporter -->
<testsuite hostname="DRUMNADROCHIT" failures="0" tests="4" name="login.TestLoginChrome_EN" time="4.227" errors="0" timestamp="2021-02-22T22:36:49 CET" skipped="0">
  <testcase classname="login.TestLoginChrome_EN" name="testEmptyUsername" time="0.580"/>
  <system-out>
Message: Please fill out this field.  </system-out>
  <testcase classname="login.TestLoginChrome_EN" name="testUsernameWithout_At" time="0.809"/>
  <system-out>
Message: Please include an '@' in the email address. 'mickey.mouse' is missing an '@'.  </system-out>
  <testcase classname="login.TestLoginChrome_EN" name="testUsernameWithMissingDomain" time="0.704"/>
  <system-out>
Message: Please enter a part following '@'. 'mickey.mouse@' is incomplete.  </system-out>
  <testcase classname="login.TestLoginChrome_EN" name="testEmptyPassword" time="2.134"/>
  <system-out>
Message: Please fill out this field.  </system-out>
</testsuite> <!-- login.TestLoginChrome_EN -->
